Build started 2012-12-03 오전 12:48:42.
     1>Project "C:\Users\elwlwlwk\Documents\Visual Studio 2012\Projects\NeuralNet\NeuralNet\NeuralNet.vcxproj" on node 2 (Build target(s)).
     1>ClCompile:
         C:\Program Files (x86)\Microsoft Visual Studio 11.0\VC\bin\CL.exe /c /ZI /nologo /W3 /WX- /Od /Oy- /D WIN32 /D _DEBUG /D _CONSOLE /D _UNICODE /D UNICODE /Gm /EHsc /RTC1 /MDd /GS /fp:precise /Zc:wchar_t /Zc:forScope /Fo"Debug\\" /Fd"Debug\vc110.pdb" /Gd /TP /analyze- /errorReport:prompt NeuralLib.cpp NeuralNet.cpp Source.cpp
         NeuralLib.cpp
         Generating Code...
         Compiling...
         Source.cpp
         NeuralNet.cpp
     1>c:\program files (x86)\windows kits\8.0\include\um\winnt.h(299): warning C4005: 'POINTER_64' : macro redefinition
                 c:\program files (x86)\windows kits\8.0\include\shared\basetsd.h(36) : see previous definition of 'POINTER_64'
     1>c:\users\elwlwlwk\documents\visual studio 2012\projects\neuralnet\neuralnet\neuralnet.cpp(37): warning C4244: 'initializing' : conversion from 'time_t' to 'int', possible loss of data
     1>c:\users\elwlwlwk\documents\visual studio 2012\projects\neuralnet\neuralnet\neuralnet.cpp(167): warning C4018: '<' : signed/unsigned mismatch
         Generating Code...
       Link:
         C:\Program Files (x86)\Microsoft Visual Studio 11.0\VC\bin\link.exe /ERRORREPORT:PROMPT /OUT:"C:\Users\elwlwlwk\Documents\Visual Studio 2012\Projects\NeuralNet\Debug\NeuralNet.exe" /INCREMENTAL /NOLOGO kernel32.lib user32.lib gdi32.lib winspool.lib comdlg32.lib advapi32.lib shell32.lib ole32.lib oleaut32.lib uuid.lib odbc32.lib odbccp32.lib /MANIFEST /MANIFESTUAC:"level='asInvoker' uiAccess='false'" /manifest:embed /DEBUG /PDB:"C:\Users\elwlwlwk\Documents\Visual Studio 2012\Projects\NeuralNet\Debug\NeuralNet.pdb" /SUBSYSTEM:CONSOLE /TLBID:1 /DYNAMICBASE /NXCOMPAT /IMPLIB:"C:\Users\elwlwlwk\Documents\Visual Studio 2012\Projects\NeuralNet\Debug\NeuralNet.lib" /MACHINE:X86 Debug\NeuralLib.obj
         Debug\NeuralNet.obj
         Debug\Source.obj
         NeuralNet.vcxproj -> C:\Users\elwlwlwk\Documents\Visual Studio 2012\Projects\NeuralNet\Debug\NeuralNet.exe
     1>Done Building Project "C:\Users\elwlwlwk\Documents\Visual Studio 2012\Projects\NeuralNet\NeuralNet\NeuralNet.vcxproj" (Build target(s)).

Build succeeded.

Time Elapsed 00:00:01.60
